000 (174205.000.000) 2023-09-23 01:00:17 Job submitted from host: <10.5.0.93:9618?addrs=10.5.0.93-9618&alias=smatter-login.ad.syr.edu&noUDP&sock=schedd_949_8377>
...
040 (174205.000.000) 2023-09-23 01:00:37 Started transferring input files
	Transferring to host: <10.5.252.37:9618?addrs=10.5.252.37-9618&alias=CRUSH-OG-10-5-252-37&noUDP&sock=slot1_8_1331_8f4f_148>
...
040 (174205.000.000) 2023-09-23 01:00:37 Finished transferring input files
...
001 (174205.000.000) 2023-09-23 01:00:38 Job executing on host: <10.5.252.37:9618?addrs=10.5.252.37-9618&alias=CRUSH-OG-10-5-252-37&noUDP&sock=startd_1288_0a12>
...
006 (174205.000.000) 2023-09-23 01:00:47 Image size of job updated: 98688
	54  -  MemoryUsage of job (MB)
	54468  -  ResidentSetSize of job (KB)
...
006 (174205.000.000) 2023-09-23 01:05:47 Image size of job updated: 368504
	54  -  MemoryUsage of job (MB)
	54600  -  ResidentSetSize of job (KB)
...
040 (174205.000.000) 2023-09-23 01:28:45 Started transferring output files
...
040 (174205.000.000) 2023-09-23 01:28:45 Finished transferring output files
...
005 (174205.000.000) 2023-09-23 01:28:45 Job terminated.
	(1) Normal termination (return value 0)
		Usr 0 00:28:00, Sys 0 00:00:02  -  Run Remote Usage
		Usr 0 00:00:00, Sys 0 00:00:00  -  Run Local Usage
		Usr 0 00:28:00, Sys 0 00:00:02  -  Total Remote Usage
		Usr 0 00:00:00, Sys 0 00:00:00  -  Total Local Usage
	6458672  -  Run Bytes Sent By Job
	27360  -  Run Bytes Received By Job
	6458672  -  Total Bytes Sent By Job
	27360  -  Total Bytes Received By Job
	Partitionable Resources :    Usage  Request Allocated 
	   Cpus                 :     1.00        1         1 
	   Disk (KB)            :  6350          30     30978 
	   Memory (MB)          :    54           1       128 

	Job terminated of its own accord at 2023-09-23T05:28:45Z with exit-code 0.
...
000 (174258.000.000) 2023-09-23 02:50:23 Job submitted from host: <10.5.0.93:9618?addrs=10.5.0.93-9618&alias=smatter-login.ad.syr.edu&noUDP&sock=schedd_949_8377>
...
040 (174258.000.000) 2023-09-23 02:50:35 Started transferring input files
	Transferring to host: <10.5.157.76:9618?addrs=10.5.157.76-9618&alias=CRUSH-OG-10-5-157-76&noUDP&sock=slot1_4_1335_60cf_145>
...
040 (174258.000.000) 2023-09-23 02:50:35 Finished transferring input files
...
001 (174258.000.000) 2023-09-23 02:50:37 Job executing on host: <10.5.157.76:9618?addrs=10.5.157.76-9618&alias=CRUSH-OG-10-5-157-76&noUDP&sock=startd_1300_4535>
...
006 (174258.000.000) 2023-09-23 02:50:45 Image size of job updated: 98428
	54  -  MemoryUsage of job (MB)
	54340  -  ResidentSetSize of job (KB)
...
006 (174258.000.000) 2023-09-23 02:55:45 Image size of job updated: 368504
	54  -  MemoryUsage of job (MB)
	54472  -  ResidentSetSize of job (KB)
...
006 (174258.000.000) 2023-09-23 06:16:05 Image size of job updated: 368760
	54  -  MemoryUsage of job (MB)
	54472  -  ResidentSetSize of job (KB)
...
040 (174258.000.000) 2023-09-23 08:05:38 Started transferring output files
...
040 (174258.000.000) 2023-09-23 08:05:39 Finished transferring output files
...
005 (174258.000.000) 2023-09-23 08:05:39 Job terminated.
	(1) Normal termination (return value 0)
		Usr 0 05:08:40, Sys 0 00:00:19  -  Run Remote Usage
		Usr 0 00:00:00, Sys 0 00:00:00  -  Run Local Usage
		Usr 0 05:08:40, Sys 0 00:00:19  -  Total Remote Usage
		Usr 0 00:00:00, Sys 0 00:00:00  -  Total Local Usage
	25652528  -  Run Bytes Sent By Job
	27434  -  Run Bytes Received By Job
	25652528  -  Total Bytes Sent By Job
	27434  -  Total Bytes Received By Job
	Partitionable Resources :    Usage  Request Allocated 
	   Cpus                 :     0.96        1         1 
	   Disk (KB)            : 25094          30     30978 
	   Memory (MB)          :    54           1       128 

	Job terminated of its own accord at 2023-09-23T12:05:38Z with exit-code 0.
...
000 (174259.000.000) 2023-09-23 10:28:54 Job submitted from host: <10.5.0.93:9618?addrs=10.5.0.93-9618&alias=smatter-login.ad.syr.edu&noUDP&sock=schedd_949_8377>
...
040 (174259.000.000) 2023-09-23 10:29:14 Started transferring input files
	Transferring to host: <10.5.157.76:9618?addrs=10.5.157.76-9618&alias=CRUSH-OG-10-5-157-76&noUDP&sock=slot1_4_1335_60cf_146>
...
040 (174259.000.000) 2023-09-23 10:29:14 Finished transferring input files
...
001 (174259.000.000) 2023-09-23 10:29:15 Job executing on host: <10.5.157.76:9618?addrs=10.5.157.76-9618&alias=CRUSH-OG-10-5-157-76&noUDP&sock=startd_1300_4535>
...
006 (174259.000.000) 2023-09-23 10:29:24 Image size of job updated: 75180
	43  -  MemoryUsage of job (MB)
	43104  -  ResidentSetSize of job (KB)
...
006 (174259.000.000) 2023-09-23 10:34:25 Image size of job updated: 368500
	54  -  MemoryUsage of job (MB)
	54324  -  ResidentSetSize of job (KB)
...
006 (174259.000.000) 2023-09-23 11:59:33 Image size of job updated: 368500
	54  -  MemoryUsage of job (MB)
	54456  -  ResidentSetSize of job (KB)
...
006 (174259.000.000) 2023-09-23 13:19:42 Image size of job updated: 368500
	54  -  MemoryUsage of job (MB)
	54588  -  ResidentSetSize of job (KB)
...
006 (174259.000.000) 2023-09-23 13:49:45 Image size of job updated: 368756
	54  -  MemoryUsage of job (MB)
	54588  -  ResidentSetSize of job (KB)
...
006 (174259.000.000) 2023-09-23 13:59:46 Image size of job updated: 368756
	54  -  MemoryUsage of job (MB)
	54720  -  ResidentSetSize of job (KB)
...
040 (174259.000.000) 2023-09-23 15:40:52 Started transferring output files
...
040 (174259.000.000) 2023-09-23 15:40:53 Finished transferring output files
...
005 (174259.000.000) 2023-09-23 15:40:53 Job terminated.
	(1) Normal termination (return value 0)
		Usr 0 05:07:21, Sys 0 00:00:22  -  Run Remote Usage
		Usr 0 00:00:00, Sys 0 00:00:00  -  Run Local Usage
		Usr 0 05:07:21, Sys 0 00:00:22  -  Total Remote Usage
		Usr 0 00:00:00, Sys 0 00:00:00  -  Total Local Usage
	28225200  -  Run Bytes Sent By Job
	27447  -  Run Bytes Received By Job
	28225200  -  Total Bytes Sent By Job
	27447  -  Total Bytes Received By Job
	Partitionable Resources :    Usage  Request Allocated 
	   Cpus                 :     0.97        1         1 
	   Disk (KB)            : 27607          30     30978 
	   Memory (MB)          :    54           1       128 

	Job terminated of its own accord at 2023-09-23T19:40:52Z with exit-code 0.
...
000 (174260.000.000) 2023-09-24 01:25:49 Job submitted from host: <10.5.0.93:9618?addrs=10.5.0.93-9618&alias=smatter-login.ad.syr.edu&noUDP&sock=schedd_949_8377>
...
040 (174260.000.000) 2023-09-24 01:26:12 Started transferring input files
	Transferring to host: <10.5.153.51:9618?addrs=10.5.153.51-9618&alias=CRUSH-OG-10-5-153-51&noUDP&sock=slot1_4_1586_3afa_301>
...
040 (174260.000.000) 2023-09-24 01:26:12 Finished transferring input files
...
001 (174260.000.000) 2023-09-24 01:26:13 Job executing on host: <10.5.153.51:9618?addrs=10.5.153.51-9618&alias=CRUSH-OG-10-5-153-51&noUDP&sock=startd_1553_ceab>
...
006 (174260.000.000) 2023-09-24 01:26:22 Image size of job updated: 364120
	54  -  MemoryUsage of job (MB)
	54640  -  ResidentSetSize of job (KB)
...
006 (174260.000.000) 2023-09-24 01:31:23 Image size of job updated: 364376
	54  -  MemoryUsage of job (MB)
	54904  -  ResidentSetSize of job (KB)
...
006 (174260.000.000) 2023-09-24 01:36:24 Image size of job updated: 364376
	54  -  MemoryUsage of job (MB)
	55036  -  ResidentSetSize of job (KB)
...
040 (174260.000.000) 2023-09-24 02:41:08 Started transferring output files
...
040 (174260.000.000) 2023-09-24 02:41:08 Finished transferring output files
...
005 (174260.000.000) 2023-09-24 02:41:08 Job terminated.
	(1) Normal termination (return value 0)
		Usr 0 01:14:39, Sys 0 00:00:04  -  Run Remote Usage
		Usr 0 00:00:00, Sys 0 00:00:00  -  Run Local Usage
		Usr 0 01:14:39, Sys 0 00:00:04  -  Total Remote Usage
		Usr 0 00:00:00, Sys 0 00:00:00  -  Total Local Usage
	14132400  -  Run Bytes Sent By Job
	27447  -  Run Bytes Received By Job
	14132400  -  Total Bytes Sent By Job
	27447  -  Total Bytes Received By Job
	Partitionable Resources :    Usage  Request Allocated 
	   Cpus                 :     1.00        1         1 
	   Disk (KB)            : 13844          30     30978 
	   Memory (MB)          :    54           1       128 

	Job terminated of its own accord at 2023-09-24T06:41:08Z with exit-code 0.
...
